Traceback (most recent call last):
  File "/opt/homebrew/Caskroom/miniconda/base/envs/jupyter-book-env/lib/python3.10/site-packages/jupyter_cache/executors/utils.py", line 51, in single_nb_execution
    executenb(
  File "/opt/homebrew/Caskroom/miniconda/base/envs/jupyter-book-env/lib/python3.10/site-packages/nbclient/client.py", line 1204, in execute
    return NotebookClient(nb=nb, resources=resources, km=km, **kwargs).execute()
  File "/opt/homebrew/Caskroom/miniconda/base/envs/jupyter-book-env/lib/python3.10/site-packages/nbclient/util.py", line 84, in wrapped
    return just_run(coro(*args, **kwargs))
  File "/opt/homebrew/Caskroom/miniconda/base/envs/jupyter-book-env/lib/python3.10/site-packages/nbclient/util.py", line 62, in just_run
    return loop.run_until_complete(coro)
  File "/opt/homebrew/Caskroom/miniconda/base/envs/jupyter-book-env/lib/python3.10/asyncio/base_events.py", line 649, in run_until_complete
    return future.result()
  File "/opt/homebrew/Caskroom/miniconda/base/envs/jupyter-book-env/lib/python3.10/site-packages/nbclient/client.py", line 663, in async_execute
    await self.async_execute_cell(
  File "/opt/homebrew/Caskroom/miniconda/base/envs/jupyter-book-env/lib/python3.10/site-packages/nbclient/client.py", line 965, in async_execute_cell
    await self._check_raise_for_error(cell, cell_index, exec_reply)
  File "/opt/homebrew/Caskroom/miniconda/base/envs/jupyter-book-env/lib/python3.10/site-packages/nbclient/client.py", line 862, in _check_raise_for_error
    raise CellExecutionError.from_cell_and_msg(cell, exec_reply_content)
nbclient.exceptions.CellExecutionError: An error occurred while executing the following cell:
------------------
%matplotlib qt5
------------------

[0;31m---------------------------------------------------------------------------[0m
[0;31mImportError[0m                               Traceback (most recent call last)
Cell [0;32mIn[1], line 1[0m
[0;32m----> 1[0m [43mget_ipython[49m[43m([49m[43m)[49m[38;5;241;43m.[39;49m[43mrun_line_magic[49m[43m([49m[38;5;124;43m'[39;49m[38;5;124;43mmatplotlib[39;49m[38;5;124;43m'[39;49m[43m,[49m[43m [49m[38;5;124;43m'[39;49m[38;5;124;43mqt5[39;49m[38;5;124;43m'[39;49m[43m)[49m

File [0;32m/opt/homebrew/Caskroom/miniconda/base/envs/jupyter-book-env/lib/python3.10/site-packages/IPython/core/interactiveshell.py:2369[0m, in [0;36mInteractiveShell.run_line_magic[0;34m(self, magic_name, line, _stack_depth)[0m
[1;32m   2367[0m     kwargs[[38;5;124m'[39m[38;5;124mlocal_ns[39m[38;5;124m'[39m] [38;5;241m=[39m [38;5;28mself[39m[38;5;241m.[39mget_local_scope(stack_depth)
[1;32m   2368[0m [38;5;28;01mwith[39;00m [38;5;28mself[39m[38;5;241m.[39mbuiltin_trap:
[0;32m-> 2369[0m     result [38;5;241m=[39m [43mfn[49m[43m([49m[38;5;241;43m*[39;49m[43margs[49m[43m,[49m[43m [49m[38;5;241;43m*[39;49m[38;5;241;43m*[39;49m[43mkwargs[49m[43m)[49m
[1;32m   2371[0m [38;5;66;03m# The code below prevents the output from being displayed[39;00m
[1;32m   2372[0m [38;5;66;03m# when using magics with decodator @output_can_be_silenced[39;00m
[1;32m   2373[0m [38;5;66;03m# when the last Python token in the expression is a ';'.[39;00m
[1;32m   2374[0m [38;5;28;01mif[39;00m [38;5;28mgetattr[39m(fn, magic[38;5;241m.[39mMAGIC_OUTPUT_CAN_BE_SILENCED, [38;5;28;01mFalse[39;00m):

File [0;32m/opt/homebrew/Caskroom/miniconda/base/envs/jupyter-book-env/lib/python3.10/site-packages/IPython/core/magics/pylab.py:99[0m, in [0;36mPylabMagics.matplotlib[0;34m(self, line)[0m
[1;32m     97[0m     [38;5;28mprint[39m([38;5;124m"[39m[38;5;124mAvailable matplotlib backends: [39m[38;5;132;01m%s[39;00m[38;5;124m"[39m [38;5;241m%[39m backends_list)
[1;32m     98[0m [38;5;28;01melse[39;00m:
[0;32m---> 99[0m     gui, backend [38;5;241m=[39m [38;5;28;43mself[39;49m[38;5;241;43m.[39;49m[43mshell[49m[38;5;241;43m.[39;49m[43menable_matplotlib[49m[43m([49m[43margs[49m[38;5;241;43m.[39;49m[43mgui[49m[38;5;241;43m.[39;49m[43mlower[49m[43m([49m[43m)[49m[43m [49m[38;5;28;43;01mif[39;49;00m[43m [49m[38;5;28;43misinstance[39;49m[43m([49m[43margs[49m[38;5;241;43m.[39;49m[43mgui[49m[43m,[49m[43m [49m[38;5;28;43mstr[39;49m[43m)[49m[43m [49m[38;5;28;43;01melse[39;49;00m[43m [49m[43margs[49m[38;5;241;43m.[39;49m[43mgui[49m[43m)[49m
[1;32m    100[0m     [38;5;28mself[39m[38;5;241m.[39m_show_matplotlib_backend(args[38;5;241m.[39mgui, backend)

File [0;32m/opt/homebrew/Caskroom/miniconda/base/envs/jupyter-book-env/lib/python3.10/site-packages/IPython/core/interactiveshell.py:3555[0m, in [0;36mInteractiveShell.enable_matplotlib[0;34m(self, gui)[0m
[1;32m   3551[0m         [38;5;28mprint[39m([38;5;124m'[39m[38;5;124mWarning: Cannot change to a different GUI toolkit: [39m[38;5;132;01m%s[39;00m[38;5;124m.[39m[38;5;124m'[39m
[1;32m   3552[0m                 [38;5;124m'[39m[38;5;124m Using [39m[38;5;132;01m%s[39;00m[38;5;124m instead.[39m[38;5;124m'[39m [38;5;241m%[39m (gui, [38;5;28mself[39m[38;5;241m.[39mpylab_gui_select))
[1;32m   3553[0m         gui, backend [38;5;241m=[39m pt[38;5;241m.[39mfind_gui_and_backend([38;5;28mself[39m[38;5;241m.[39mpylab_gui_select)
[0;32m-> 3555[0m [43mpt[49m[38;5;241;43m.[39;49m[43mactivate_matplotlib[49m[43m([49m[43mbackend[49m[43m)[49m
[1;32m   3556[0m configure_inline_support([38;5;28mself[39m, backend)
[1;32m   3558[0m [38;5;66;03m# Now we must activate the gui pylab wants to use, and fix %run to take[39;00m
[1;32m   3559[0m [38;5;66;03m# plot updates into account[39;00m

File [0;32m/opt/homebrew/Caskroom/miniconda/base/envs/jupyter-book-env/lib/python3.10/site-packages/IPython/core/pylabtools.py:360[0m, in [0;36mactivate_matplotlib[0;34m(backend)[0m
[1;32m    355[0m [38;5;66;03m# Due to circular imports, pyplot may be only partially initialised[39;00m
[1;32m    356[0m [38;5;66;03m# when this function runs.[39;00m
[1;32m    357[0m [38;5;66;03m# So avoid needing matplotlib attribute-lookup to access pyplot.[39;00m
[1;32m    358[0m [38;5;28;01mfrom[39;00m [38;5;21;01mmatplotlib[39;00m [38;5;28;01mimport[39;00m pyplot [38;5;28;01mas[39;00m plt
[0;32m--> 360[0m [43mplt[49m[38;5;241;43m.[39;49m[43mswitch_backend[49m[43m([49m[43mbackend[49m[43m)[49m
[1;32m    362[0m plt[38;5;241m.[39mshow[38;5;241m.[39m_needmain [38;5;241m=[39m [38;5;28;01mFalse[39;00m
[1;32m    363[0m [38;5;66;03m# We need to detect at runtime whether show() is called by the user.[39;00m
[1;32m    364[0m [38;5;66;03m# For this, we wrap it into a decorator which adds a 'called' flag.[39;00m

File [0;32m/opt/homebrew/Caskroom/miniconda/base/envs/jupyter-book-env/lib/python3.10/site-packages/matplotlib/pyplot.py:271[0m, in [0;36mswitch_backend[0;34m(newbackend)[0m
[1;32m    268[0m [38;5;66;03m# have to escape the switch on access logic[39;00m
[1;32m    269[0m old_backend [38;5;241m=[39m [38;5;28mdict[39m[38;5;241m.[39m[38;5;21m__getitem__[39m(rcParams, [38;5;124m'[39m[38;5;124mbackend[39m[38;5;124m'[39m)
[0;32m--> 271[0m backend_mod [38;5;241m=[39m [43mimportlib[49m[38;5;241;43m.[39;49m[43mimport_module[49m[43m([49m
[1;32m    272[0m [43m    [49m[43mcbook[49m[38;5;241;43m.[39;49m[43m_backend_module_name[49m[43m([49m[43mnewbackend[49m[43m)[49m[43m)[49m
[1;32m    274[0m required_framework [38;5;241m=[39m _get_required_interactive_framework(backend_mod)
[1;32m    275[0m [38;5;28;01mif[39;00m required_framework [38;5;129;01mis[39;00m [38;5;129;01mnot[39;00m [38;5;28;01mNone[39;00m:

File [0;32m/opt/homebrew/Caskroom/miniconda/base/envs/jupyter-book-env/lib/python3.10/importlib/__init__.py:126[0m, in [0;36mimport_module[0;34m(name, package)[0m
[1;32m    124[0m             [38;5;28;01mbreak[39;00m
[1;32m    125[0m         level [38;5;241m+[39m[38;5;241m=[39m [38;5;241m1[39m
[0;32m--> 126[0m [38;5;28;01mreturn[39;00m [43m_bootstrap[49m[38;5;241;43m.[39;49m[43m_gcd_import[49m[43m([49m[43mname[49m[43m[[49m[43mlevel[49m[43m:[49m[43m][49m[43m,[49m[43m [49m[43mpackage[49m[43m,[49m[43m [49m[43mlevel[49m[43m)[49m

File [0;32m<frozen importlib._bootstrap>:1050[0m, in [0;36m_gcd_import[0;34m(name, package, level)[0m

File [0;32m<frozen importlib._bootstrap>:1027[0m, in [0;36m_find_and_load[0;34m(name, import_)[0m

File [0;32m<frozen importlib._bootstrap>:1006[0m, in [0;36m_find_and_load_unlocked[0;34m(name, import_)[0m

File [0;32m<frozen importlib._bootstrap>:688[0m, in [0;36m_load_unlocked[0;34m(spec)[0m

File [0;32m<frozen importlib._bootstrap_external>:883[0m, in [0;36mexec_module[0;34m(self, module)[0m

File [0;32m<frozen importlib._bootstrap>:241[0m, in [0;36m_call_with_frames_removed[0;34m(f, *args, **kwds)[0m

File [0;32m/opt/homebrew/Caskroom/miniconda/base/envs/jupyter-book-env/lib/python3.10/site-packages/matplotlib/backends/backend_qt5agg.py:7[0m
[1;32m      4[0m [38;5;28;01mfrom[39;00m [38;5;21;01m.[39;00m[38;5;21;01m.[39;00m [38;5;28;01mimport[39;00m backends
[1;32m      6[0m backends[38;5;241m.[39m_QT_FORCE_QT5_BINDING [38;5;241m=[39m [38;5;28;01mTrue[39;00m
[0;32m----> 7[0m [38;5;28;01mfrom[39;00m [38;5;21;01m.[39;00m[38;5;21;01mbackend_qtagg[39;00m [38;5;28;01mimport[39;00m (    [38;5;66;03m# noqa: F401, E402 # pylint: disable=W0611[39;00m
[1;32m      8[0m     _BackendQTAgg, FigureCanvasQTAgg, FigureManagerQT, NavigationToolbar2QT,
[1;32m      9[0m     FigureCanvasAgg, FigureCanvasQT)
[1;32m     12[0m [38;5;129m@_BackendQTAgg[39m[38;5;241m.[39mexport
[1;32m     13[0m [38;5;28;01mclass[39;00m [38;5;21;01m_BackendQT5Agg[39;00m(_BackendQTAgg):
[1;32m     14[0m     [38;5;28;01mpass[39;00m

File [0;32m/opt/homebrew/Caskroom/miniconda/base/envs/jupyter-book-env/lib/python3.10/site-packages/matplotlib/backends/backend_qtagg.py:9[0m
[1;32m      5[0m [38;5;28;01mimport[39;00m [38;5;21;01mctypes[39;00m
[1;32m      7[0m [38;5;28;01mfrom[39;00m [38;5;21;01mmatplotlib[39;00m[38;5;21;01m.[39;00m[38;5;21;01mtransforms[39;00m [38;5;28;01mimport[39;00m Bbox
[0;32m----> 9[0m [38;5;28;01mfrom[39;00m [38;5;21;01m.[39;00m[38;5;21;01mqt_compat[39;00m [38;5;28;01mimport[39;00m QT_API, _enum
[1;32m     10[0m [38;5;28;01mfrom[39;00m [38;5;21;01m.[39;00m[38;5;21;01mbackend_agg[39;00m [38;5;28;01mimport[39;00m FigureCanvasAgg
[1;32m     11[0m [38;5;28;01mfrom[39;00m [38;5;21;01m.[39;00m[38;5;21;01mbackend_qt[39;00m [38;5;28;01mimport[39;00m QtCore, QtGui, _BackendQT, FigureCanvasQT

File [0;32m/opt/homebrew/Caskroom/miniconda/base/envs/jupyter-book-env/lib/python3.10/site-packages/matplotlib/backends/qt_compat.py:135[0m
[1;32m    133[0m         [38;5;28;01mbreak[39;00m
[1;32m    134[0m     [38;5;28;01melse[39;00m:
[0;32m--> 135[0m         [38;5;28;01mraise[39;00m [38;5;167;01mImportError[39;00m(
[1;32m    136[0m             [38;5;124m"[39m[38;5;124mFailed to import any of the following Qt binding modules: [39m[38;5;132;01m{}[39;00m[38;5;124m"[39m
[1;32m    137[0m             [38;5;241m.[39mformat([38;5;124m"[39m[38;5;124m, [39m[38;5;124m"[39m[38;5;241m.[39mjoin(_ETS[38;5;241m.[39mvalues())))
[1;32m    138[0m [38;5;28;01melse[39;00m:  [38;5;66;03m# We should not get there.[39;00m
[1;32m    139[0m     [38;5;28;01mraise[39;00m [38;5;167;01mAssertionError[39;00m([38;5;124mf[39m[38;5;124m"[39m[38;5;124mUnexpected QT_API: [39m[38;5;132;01m{[39;00mQT_API[38;5;132;01m}[39;00m[38;5;124m"[39m)

[0;31mImportError[0m: Failed to import any of the following Qt binding modules: PyQt6, PySide6, PyQt5, PySide2
ImportError: Failed to import any of the following Qt binding modules: PyQt6, PySide6, PyQt5, PySide2

